[32minfo[39m: Info message - Production
[33mwarn[39m: Warning message - Production
[31merror[39m: Error message - Production
[31mfatal[39m: Fatal message - Production
[32minfo[39m: Server mode ---> DEVELOPMENT
[32minfo[39m: Connecting to the MongoDB...
[32minfo[39m: Succesfully connected to MongoDB!
[32minfo[39m: Server listening on port: 8080
[32minfo[39m: Info message
[33mwarn[39m: Warning message
[31merror[39m: Error message
[31mfatal[39m: Fatal message
[32minfo[39m: Server mode ---> DEVELOPMENT
[32minfo[39m: Connecting to the MongoDB...
[32minfo[39m: Succesfully connected to MongoDB!
[32minfo[39m: Server listening on port: 8080
[32minfo[39m: Info message
[33mwarn[39m: Warning message
[31merror[39m: Error message
[31mfatal[39m: Fatal message
